2022-09-02 11:27:26,096 - INFO - server started
2022-09-02 11:27:50,387 - INFO - ###### TEST EXECUTION STARTED :: test_verify_main_screen_elements ######
2022-09-02 11:27:55,404 - INFO - Waiting for maximum :: 10 :: seconds for element to be displayed
2022-09-02 11:28:00,954 - INFO - Element appeared on the web page
2022-09-02 11:28:01,114 - INFO - Element found with locator: com.mpokket.app:id/tv_iWantBlue and locatorType: id
2022-09-02 11:28:02,750 - INFO - Getting text on element :: 
2022-09-02 11:28:02,751 - INFO - The text is :: 'Amount you want to borrow'
2022-09-02 11:28:02,751 - INFO - <class 'str'>
2022-09-02 11:28:02,751 - INFO - Amount you want to borrow
2022-09-02 11:28:12,946 - INFO - Element found with locator: com.mpokket.app:id/tv_rupees and locatorType: id
2022-09-02 11:28:13,028 - INFO - clicked on element with locator: com.mpokket.app:id/tv_rupees locatorType: id
2022-09-02 11:28:18,398 - INFO - 3
2022-09-02 11:28:24,484 - INFO - Element found with locator: com.mpokket.app:id/tv_month and locatorType: id
2022-09-02 11:28:24,560 - INFO - clicked on element with locator: com.mpokket.app:id/tv_month locatorType: id
2022-09-02 11:28:46,953 - INFO - Element found with locator: com.mpokket.app:id/tv_request and locatorType: id
2022-09-02 11:28:47,050 - INFO - clicked on element with locator: com.mpokket.app:id/tv_request locatorType: id
2022-09-02 11:28:52,134 - INFO - Element found with locator: com.mpokket.app:id/clBank and locatorType: id
2022-09-02 11:28:52,216 - INFO - clicked on element with locator: com.mpokket.app:id/clBank locatorType: id
2022-09-02 11:28:57,271 - INFO - [<appium.webdriver.webelement.WebElement (session="02e434f4-943a-4481-a94d-2bf736470189", element="00000000-0000-08a9-ffff-ffff00000163")>]
2022-09-02 11:29:03,098 - INFO - Element found with locator: com.mpokket.app:id/cb_self_declaration and locatorType: id
2022-09-02 11:29:03,158 - INFO - clicked on element with locator: com.mpokket.app:id/cb_self_declaration locatorType: id
2022-09-02 11:29:08,224 - INFO - Element found with locator: com.mpokket.app:id/btn_confirm_student and locatorType: id
2022-09-02 11:29:08,312 - INFO - clicked on element with locator: com.mpokket.app:id/btn_confirm_student locatorType: id
2022-09-02 11:29:13,456 - INFO - 7
2022-09-02 11:29:19,277 - INFO - Element found with locator: com.mpokket.app:id/btn_continue and locatorType: id
2022-09-02 11:29:19,328 - INFO - clicked on element with locator: com.mpokket.app:id/btn_continue locatorType: id
2022-09-02 11:29:24,501 - INFO - [<appium.webdriver.webelement.WebElement (session="02e434f4-943a-4481-a94d-2bf736470189", element="00000000-0000-08ae-ffff-ffff000001cc")>, <appium.webdriver.webelement.WebElement (session="02e434f4-943a-4481-a94d-2bf736470189", element="00000000-0000-08ae-ffff-ffff000001d2")>, <appium.webdriver.webelement.WebElement (session="02e434f4-943a-4481-a94d-2bf736470189", element="00000000-0000-08ae-ffff-ffff000001d8")>, <appium.webdriver.webelement.WebElement (session="02e434f4-943a-4481-a94d-2bf736470189", element="00000000-0000-08ae-ffff-ffff000001de")>]
2022-09-02 11:29:31,299 - INFO - Element found with locator: com.mpokket.app:id/tv_agree and locatorType: id
2022-09-02 11:29:31,379 - INFO - clicked on element with locator: com.mpokket.app:id/tv_agree locatorType: id
2022-09-02 11:29:41,384 - INFO - Waiting for maximum :: 10 :: seconds for element to be clickable
2022-09-02 11:29:43,030 - INFO - Element appeared on the web page
2022-09-02 11:29:43,118 - INFO - Element found with locator: //*[@resource-id='com.mpokket.app:id/btn_continue'] and locatorType: xpath
2022-09-02 11:29:43,184 - INFO - clicked on element with locator: //*[@resource-id='com.mpokket.app:id/btn_continue'] locatorType: xpath
2022-09-02 11:29:48,195 - INFO - Waiting for maximum :: 10 :: seconds for element to be clickable
2022-09-02 11:29:49,449 - INFO - Element appeared on the web page
2022-09-02 11:29:49,738 - INFO - Element found with locator: com.mpokket.app:id/tv_accept and locatorType: id
2022-09-02 11:29:50,310 - INFO - clicked on element with locator: com.mpokket.app:id/tv_accept locatorType: id
2022-09-02 11:29:55,313 - INFO - Waiting for maximum :: 10 :: seconds for element to be clickable
2022-09-02 11:29:55,504 - INFO - Element appeared on the web page
2022-09-02 11:29:55,538 - INFO - Element found with locator: com.mpokket.app:id/btn_got_it and locatorType: id
2022-09-02 11:29:56,115 - INFO - clicked on element with locator: com.mpokket.app:id/btn_got_it locatorType: id
