2022-08-30 12:49:03,021 - INFO - ###### TEST EXECUTION STARTED :: test_verify_main_screen_elements ######
2022-08-30 12:49:13,734 - INFO - ###### TEST EXECUTION STARTED :: test_verify_main_screen_elements ######
2022-08-30 12:49:28,915 - INFO - Element found with locator: com.mpokket.app:id/tv_rupees and locatorType: id
2022-08-30 12:49:29,026 - INFO - clicked on element with locator: com.mpokket.app:id/tv_rupees locatorType: id
2022-08-30 12:49:34,336 - INFO - 3
2022-08-30 12:49:40,381 - INFO - Element found with locator: com.mpokket.app:id/tv_month and locatorType: id
2022-08-30 12:49:40,461 - INFO - clicked on element with locator: com.mpokket.app:id/tv_month locatorType: id
2022-08-30 12:49:58,329 - INFO - Element found with locator: com.mpokket.app:id/tv_request and locatorType: id
2022-08-30 12:49:58,457 - INFO - clicked on element with locator: com.mpokket.app:id/tv_request locatorType: id
2022-08-30 12:50:03,577 - INFO - Element found with locator: com.mpokket.app:id/clBank and locatorType: id
2022-08-30 12:50:03,671 - INFO - clicked on element with locator: com.mpokket.app:id/clBank locatorType: id
2022-08-30 12:50:08,738 - INFO - [<appium.webdriver.webelement.WebElement (session="279bdffa-d8df-46bb-ab40-e1193f1e0f1c", element="00000000-0000-0312-ffff-ffff00000163")>]
2022-08-30 12:50:14,585 - INFO - Element found with locator: com.mpokket.app:id/cb_self_declaration and locatorType: id
2022-08-30 12:50:14,650 - INFO - clicked on element with locator: com.mpokket.app:id/cb_self_declaration locatorType: id
2022-08-30 12:50:19,718 - INFO - Element found with locator: com.mpokket.app:id/btn_confirm_student and locatorType: id
2022-08-30 12:50:19,806 - INFO - clicked on element with locator: com.mpokket.app:id/btn_confirm_student locatorType: id
2022-08-30 12:50:24,947 - INFO - 7
2022-08-30 12:50:30,129 - INFO - Element found with locator: com.mpokket.app:id/btn_continue and locatorType: id
2022-08-30 12:50:30,209 - INFO - clicked on element with locator: com.mpokket.app:id/btn_continue locatorType: id
2022-08-30 12:50:35,347 - INFO - [<appium.webdriver.webelement.WebElement (session="279bdffa-d8df-46bb-ab40-e1193f1e0f1c", element="00000000-0000-0317-ffff-ffff000001cc")>, <appium.webdriver.webelement.WebElement (session="279bdffa-d8df-46bb-ab40-e1193f1e0f1c", element="00000000-0000-0317-ffff-ffff000001d2")>, <appium.webdriver.webelement.WebElement (session="279bdffa-d8df-46bb-ab40-e1193f1e0f1c", element="00000000-0000-0317-ffff-ffff000001d8")>, <appium.webdriver.webelement.WebElement (session="279bdffa-d8df-46bb-ab40-e1193f1e0f1c", element="00000000-0000-0317-ffff-ffff000001de")>]
2022-08-30 12:50:42,144 - INFO - Element found with locator: com.mpokket.app:id/tv_agree and locatorType: id
2022-08-30 12:50:42,191 - INFO - clicked on element with locator: com.mpokket.app:id/tv_agree locatorType: id
2022-08-30 12:50:47,246 - ERROR - Element not found with locator: com.mpokket.app:id/btn_continue and locatorType: id
2022-08-30 12:50:47,246 - ERROR - cannot click on the element with locator: com.mpokket.app:id/btn_continue locatorType: id
2022-08-30 12:50:52,303 - ERROR - Element not found with locator: com.mpokket.app:id/tv_accept and locatorType: id
2022-08-30 12:50:52,303 - ERROR - cannot click on the element with locator: com.mpokket.app:id/tv_accept locatorType: id
2022-08-30 12:50:57,366 - ERROR - Element not found with locator: com.mpokket.app:id/btn_got_it and locatorType: id
2022-08-30 12:50:57,366 - ERROR - cannot click on the element with locator: com.mpokket.app:id/btn_got_it locatorType: id
